<?xml version="1.0" encoding="UTF-8"?>
<testng-results ignored="0" total="1" passed="1" failed="0" skipped="0">
  <reporter-output>
  </reporter-output>
  <suite started-at="2024-04-06T12:29:04 IST" name="Default suite" finished-at="2024-04-06T12:29:44 IST" duration-ms="39438">
    <groups>
    </groups>
    <test started-at="2024-04-06T12:29:04 IST" name="Default test" finished-at="2024-04-06T12:29:44 IST" duration-ms="39438">
      <class name="com.ncs.EbayPageObjectModel.EbaysearchTest">
        <test-method is-config="true" signature="setUp()[pri:0, instance:com.ncs.EbayPageObjectModel.EbaysearchTest@2892d68]" started-at="2024-04-06T12:29:04 IST" name="setUp" finished-at="2024-04-06T12:29:32 IST" duration-ms="27771" status="PASS">
          <reporter-output>
          </reporter-output>
        </test-method> <!-- setUp -->
        <test-method signature="testEbaySearch()[pri:0, instance:com.ncs.EbayPageObjectModel.EbaysearchTest@2892d68]" started-at="2024-04-06T12:29:32 IST" name="testEbaySearch" finished-at="2024-04-06T12:29:41 IST" duration-ms="8435" status="PASS">
          <reporter-output>
          </reporter-output>
        </test-method> <!-- testEbaySearch -->
        <test-method is-config="true" signature="tearDown()[pri:0, instance:com.ncs.EbayPageObjectModel.EbaysearchTest@2892d68]" started-at="2024-04-06T12:29:41 IST" name="tearDown" finished-at="2024-04-06T12:29:44 IST" duration-ms="3153" status="PASS">
          <reporter-output>
          </reporter-output>
        </test-method> <!-- tearDown -->
      </class> <!-- com.ncs.EbayPageObjectModel.EbaysearchTest -->
    </test> <!-- Default test -->
  </suite> <!-- Default suite -->
</testng-results>
